<?xml version="1.0" encoding="UTF-8"?>
<testng-results ignored="0" total="1" passed="1" failed="0" skipped="0">
  <reporter-output>
  </reporter-output>
  <suite started-at="2023-02-14T09:19:29 WIB" name="TestCase1" finished-at="2023-02-14T09:19:34 WIB" duration-ms="5042">
    <groups>
    </groups>
    <test started-at="2023-02-14T09:19:29 WIB" name="Command line test" finished-at="2023-02-14T09:19:34 WIB" duration-ms="5042">
      <class name="TestCase1">
        <test-method is-config="true" signature="setUp()[pri:0, instance:TestCase1@5b0abc94]" started-at="2023-02-14T09:19:29 WIB" name="setUp" finished-at="2023-02-14T09:19:32 WIB" duration-ms="3136" status="PASS">
          <reporter-output>
          </reporter-output>
        </test-method> <!-- setUp -->
        <test-method signature="firstTry()[pri:0, instance:TestCase1@5b0abc94]" started-at="2023-02-14T09:19:32 WIB" name="firstTry" finished-at="2023-02-14T09:19:33 WIB" duration-ms="844" status="PASS">
          <reporter-output>
          </reporter-output>
        </test-method> <!-- firstTry -->
        <test-method is-config="true" signature="tearDown()[pri:0, instance:TestCase1@5b0abc94]" started-at="2023-02-14T09:19:33 WIB" name="tearDown" finished-at="2023-02-14T09:19:34 WIB" duration-ms="1032" status="PASS">
          <reporter-output>
          </reporter-output>
        </test-method> <!-- tearDown -->
      </class> <!-- TestCase1 -->
    </test> <!-- Command line test -->
  </suite> <!-- TestCase1 -->
</testng-results>
